<?xml version="1.0" encoding="UTF-8"?>
<!-- Generated by org.testng.reporters.JUnitXMLReporter -->
<testsuite hostname="HP-Envy-Muawiz" failures="0" tests="11" name="Surefire test" time="75.764" errors="0" timestamp="15 Dec 2024 06:31:20 GMT">
  <testcase classname="com.testng.testcase.AccountsTest" name="TC10_createAccount" time="7.697"/>
  <testcase classname="com.testng.testcase.LoginTest" name="TC01_loginErrorMessage" time="0.582"/>
  <testcase classname="com.testng.testcase.LoginTest" name="TC02_validLogin" time="1.996"/>
  <testcase classname="com.testng.testcase.LoginTest" name="TC03_rememberMe" time="6.73"/>
  <testcase classname="com.testng.testcase.LoginTest" name="TC04A_forgotPassword" time="0.842"/>
  <testcase classname="com.testng.testcase.LoginTest" name="TC04B_validateLoginErrorMsg" time="0.494"/>
  <testcase classname="com.testng.testcase.MenuDropDownTest" name="TC05_selectUserMenu" time="2.735"/>
  <testcase classname="com.testng.testcase.MenuDropDownTest" name="TC06_editMyProfile" time="19.501"/>
  <testcase classname="com.testng.testcase.MenuDropDownTest" name="TC07_editMySettings" time="12.788"/>
  <testcase classname="com.testng.testcase.MenuDropDownTest" name="TC08_devConsole" time="3.436"/>
  <testcase classname="com.testng.testcase.MenuDropDownTest" name="TC09_logout" time="3.168"/>
</testsuite> <!-- Surefire test -->
