<?xml version="1.0" encoding="UTF-8"?>
<!-- Generated by org.testng.reporters.JUnitXMLReporter -->
<testsuite hostname="HP-Envy-Muawiz" failures="1" tests="7" name="Login" time="20.119" errors="0" timestamp="9 Dec 2024 17:39:00 GMT">
  <testcase classname="com.testng.testcase.LoginTest" name="forgotPassword" time="0.827"/>
  <testcase classname="com.testng.testcase.LoginTest" name="loginErrorMessage" time="0.791"/>
  <testcase classname="com.testng.testcase.LoginTest" name="rememberMe" time="2.792"/>
  <testcase classname="com.testng.testcase.LoginTest" name="validLogin" time="0.965"/>
  <testcase classname="com.testng.testcase.LoginTest" name="validateLoginErrorMsg" time="0.41"/>
  <testcase classname="com.testng.testcase.MenuDropDownTest" name="selectMyProfile" time="3.277">
    <failure type="java.lang.NullPointerException" message="Cannot invoke &amp;quot;org.openqa.selenium.WebDriver.switchTo()&amp;quot; because &amp;quot;this.driver&amp;quot; is null">
      <![CDATA[java.lang.NullPointerException: Cannot invoke "org.openqa.selenium.WebDriver.switchTo()" because "this.driver" is null
	at com.testng.pages.ProfilePage.clickAboutTab(ProfilePage.java:96)
	at com.testng.testcase.MenuDropDownTest.selectMyProfile(MenuDropDownTest.java:50)
... Removed 22 stack frames]]>
    </failure>
  </testcase> <!-- selectMyProfile -->
  <testcase classname="com.testng.testcase.MenuDropDownTest" name="selectUserMenu" time="2.006"/>
</testsuite> <!-- Login -->
