<?xml version="1.0" encoding="UTF-8"?>
<testsuite xmlns:xsi="http://www.w3.org/2001/XMLSchema-instance" xsi:noNamespaceSchemaLocation="https://maven.apache.org/surefire/maven-surefire-plugin/xsd/surefire-test-report-3.0.xsd" version="3.0" name="TestSuite" time="75.948" tests="11" errors="0" skipped="0" failures="0">
  <properties>
[...]
</properties>
  <testcase name="TC10_createAccount" classname="com.testng.testcase.AccountsTest" time="7.697">
    <system-err><![CDATA[SLF4J(W): No SLF4J providers were found.
SLF4J(W): Defaulting to no-operation (NOP) logger implementation
SLF4J(W): See https://www.slf4j.org/codes.html#noProviders for further details.
Starting ChromeDriver 131.0.6778.108 (3b014839fbc4fb688b2f5af512d6ce312ad208b1-refs/branch-heads/6778@{#2393}) on port 58444
Only local connections are allowed.
Please see https://chromedriver.chromium.org/security-considerations for suggestions on keeping ChromeDriver safe.
ChromeDriver was started successfully on port 58444.
Dec 15, 2024 12:30:06 AM org.openqa.selenium.remote.ProtocolHandshake createSession
INFO: Detected dialect: W3C
]]></system-err>
  </testcase>
  <testcase name="TC01_loginErrorMessage" classname="com.testng.testcase.LoginTest" time="0.581">
    <system-err><![CDATA[Starting ChromeDriver 131.0.6778.108 (3b014839fbc4fb688b2f5af512d6ce312ad208b1-refs/branch-heads/6778@{#2393}) on port 12061
Only local connections are allowed.
Please see https://chromedriver.chromium.org/security-considerations for suggestions on keeping ChromeDriver safe.
ChromeDriver was started successfully on port 12061.
Dec 15, 2024 12:30:15 AM org.openqa.selenium.remote.ProtocolHandshake createSession
INFO: Detected dialect: W3C
]]></system-err>
  </testcase>
  <testcase name="TC02_validLogin" classname="com.testng.testcase.LoginTest" time="1.996">
    <system-err><![CDATA[Starting ChromeDriver 131.0.6778.108 (3b014839fbc4fb688b2f5af512d6ce312ad208b1-refs/branch-heads/6778@{#2393}) on port 15549
Only local connections are allowed.
Please see https://chromedriver.chromium.org/security-considerations for suggestions on keeping ChromeDriver safe.
ChromeDriver was started successfully on port 15549.
Dec 15, 2024 12:30:17 AM org.openqa.selenium.remote.ProtocolHandshake createSession
INFO: Detected dialect: W3C
]]></system-err>
  </testcase>
  <testcase name="TC03_rememberMe" classname="com.testng.testcase.LoginTest" time="6.73">
    <system-err><![CDATA[Starting ChromeDriver 131.0.6778.108 (3b014839fbc4fb688b2f5af512d6ce312ad208b1-refs/branch-heads/6778@{#2393}) on port 58948
Only local connections are allowed.
Please see https://chromedriver.chromium.org/security-considerations for suggestions on keeping ChromeDriver safe.
ChromeDriver was started successfully on port 58948.
Dec 15, 2024 12:30:21 AM org.openqa.selenium.remote.ProtocolHandshake createSession
INFO: Detected dialect: W3C
]]></system-err>
  </testcase>
  <testcase name="TC04A_forgotPassword" classname="com.testng.testcase.LoginTest" time="0.842">
    <system-err><![CDATA[Starting ChromeDriver 131.0.6778.108 (3b014839fbc4fb688b2f5af512d6ce312ad208b1-refs/branch-heads/6778@{#2393}) on port 30695
Only local connections are allowed.
Please see https://chromedriver.chromium.org/security-considerations for suggestions on keeping ChromeDriver safe.
ChromeDriver was started successfully on port 30695.
Dec 15, 2024 12:30:29 AM org.openqa.selenium.remote.ProtocolHandshake createSession
INFO: Detected dialect: W3C
]]></system-err>
  </testcase>
  <testcase name="TC04B_validateLoginErrorMsg" classname="com.testng.testcase.LoginTest" time="0.495">
    <system-err><![CDATA[Starting ChromeDriver 131.0.6778.108 (3b014839fbc4fb688b2f5af512d6ce312ad208b1-refs/branch-heads/6778@{#2393}) on port 41015
Only local connections are allowed.
Please see https://chromedriver.chromium.org/security-considerations for suggestions on keeping ChromeDriver safe.
ChromeDriver was started successfully on port 41015.
Dec 15, 2024 12:30:31 AM org.openqa.selenium.remote.ProtocolHandshake createSession
INFO: Detected dialect: W3C
]]></system-err>
  </testcase>
  <testcase name="TC05_selectUserMenu" classname="com.testng.testcase.MenuDropDownTest" time="2.734">
    <system-err><![CDATA[Starting ChromeDriver 131.0.6778.108 (3b014839fbc4fb688b2f5af512d6ce312ad208b1-refs/branch-heads/6778@{#2393}) on port 52534
Only local connections are allowed.
Please see https://chromedriver.chromium.org/security-considerations for suggestions on keeping ChromeDriver safe.
ChromeDriver was started successfully on port 52534.
Dec 15, 2024 12:30:33 AM org.openqa.selenium.remote.ProtocolHandshake createSession
INFO: Detected dialect: W3C
]]></system-err>
  </testcase>
  <testcase name="TC06_editMyProfile" classname="com.testng.testcase.MenuDropDownTest" time="19.501">
    <system-out><![CDATA[[DEBUG]: POST FOUND
[DEBUG]: FILE FOUND
]]></system-out>
    <system-err><![CDATA[Starting ChromeDriver 131.0.6778.108 (3b014839fbc4fb688b2f5af512d6ce312ad208b1-refs/branch-heads/6778@{#2393}) on port 5330
Only local connections are allowed.
Please see https://chromedriver.chromium.org/security-considerations for suggestions on keeping ChromeDriver safe.
ChromeDriver was started successfully on port 5330.
Dec 15, 2024 12:30:37 AM org.openqa.selenium.remote.ProtocolHandshake createSession
INFO: Detected dialect: W3C
]]></system-err>
  </testcase>
  <testcase name="TC07_editMySettings" classname="com.testng.testcase.MenuDropDownTest" time="12.789">
    <system-err><![CDATA[Starting ChromeDriver 131.0.6778.108 (3b014839fbc4fb688b2f5af512d6ce312ad208b1-refs/branch-heads/6778@{#2393}) on port 5750
Only local connections are allowed.
Please see https://chromedriver.chromium.org/security-considerations for suggestions on keeping ChromeDriver safe.
ChromeDriver was started successfully on port 5750.
Dec 15, 2024 12:30:58 AM org.openqa.selenium.remote.ProtocolHandshake createSession
INFO: Detected dialect: W3C
]]></system-err>
  </testcase>
  <testcase name="TC08_devConsole" classname="com.testng.testcase.MenuDropDownTest" time="3.436">
    <system-err><![CDATA[Starting ChromeDriver 131.0.6778.108 (3b014839fbc4fb688b2f5af512d6ce312ad208b1-refs/branch-heads/6778@{#2393}) on port 14957
Only local connections are allowed.
Please see https://chromedriver.chromium.org/security-considerations for suggestions on keeping ChromeDriver safe.
ChromeDriver was started successfully on port 14957.
Dec 15, 2024 12:31:12 AM org.openqa.selenium.remote.ProtocolHandshake createSession
INFO: Detected dialect: W3C
]]></system-err>
  </testcase>
  <testcase name="TC09_logout" classname="com.testng.testcase.MenuDropDownTest" time="3.167">
    <system-err><![CDATA[Starting ChromeDriver 131.0.6778.108 (3b014839fbc4fb688b2f5af512d6ce312ad208b1-refs/branch-heads/6778@{#2393}) on port 26051
Only local connections are allowed.
Please see https://chromedriver.chromium.org/security-considerations for suggestions on keeping ChromeDriver safe.
ChromeDriver was started successfully on port 26051.
Dec 15, 2024 12:31:17 AM org.openqa.selenium.remote.ProtocolHandshake createSession
INFO: Detected dialect: W3C
]]></system-err>
  </testcase>
</testsuite>